\BOOKMARK [1][-]{section.1}{1. Colonial America}{}% 1
\BOOKMARK [2][-]{subsection.1.1}{1.1. John Smibert}{section.1}% 2
\BOOKMARK [2][-]{subsection.1.2}{1.2. Joseph Blackburn}{section.1}% 3
\BOOKMARK [2][-]{subsection.1.3}{1.3. Gustavus Hesselius}{section.1}% 4
\BOOKMARK [2][-]{subsection.1.4}{1.4. John Copley}{section.1}% 5
\BOOKMARK [2][-]{subsection.1.5}{1.5. Charles Peale}{section.1}% 6
\BOOKMARK [2][-]{subsection.1.6}{1.6. Benjamin West}{section.1}% 7
\BOOKMARK [3][-]{subsubsection.1.6.1}{1.6.1. The Death of General Wolfe}{subsection.1.6}% 8
\BOOKMARK [2][-]{subsection.1.7}{1.7. John Trumbull}{section.1}% 9
\BOOKMARK [2][-]{subsection.1.8}{1.8. Gilbert Stuart}{section.1}% 10
\BOOKMARK [2][-]{subsection.1.9}{1.9. John Vanderlyn}{section.1}% 11
\BOOKMARK [2][-]{subsection.1.10}{1.10. Thomas Sully}{section.1}% 12
\BOOKMARK [1][-]{section.2}{2. Federal Period}{}% 13
\BOOKMARK [1][-]{section.3}{3. Native Americans}{}% 14
\BOOKMARK [2][-]{subsection.3.1}{3.1. George Catlin}{section.3}% 15
\BOOKMARK [2][-]{subsection.3.2}{3.2. Seth Eastman}{section.3}% 16
\BOOKMARK [1][-]{section.4}{4. Romanticism}{}% 17
\BOOKMARK [2][-]{subsection.4.1}{4.1. Thomas Cole}{section.4}% 18
\BOOKMARK [2][-]{subsection.4.2}{4.2. Alfred Bierstadt}{section.4}% 19
\BOOKMARK [2][-]{subsection.4.3}{4.3. Frederic Church}{section.4}% 20
\BOOKMARK [2][-]{subsection.4.4}{4.4. John Kensett}{section.4}% 21
\BOOKMARK [2][-]{subsection.4.5}{4.5. Charles Fritz}{section.4}% 22
\BOOKMARK [1][-]{section.5}{5. American Genre Painting}{}% 23
\BOOKMARK [2][-]{subsection.5.1}{5.1. William Mount}{section.5}% 24
\BOOKMARK [2][-]{subsection.5.2}{5.2. George Bingham}{section.5}% 25
\BOOKMARK [2][-]{subsection.5.3}{5.3. Horatio Greenough}{section.5}% 26
\BOOKMARK [2][-]{subsection.5.4}{5.4. Hiram Powers}{section.5}% 27
\BOOKMARK [2][-]{subsection.5.5}{5.5. Emanuel Leutze}{section.5}% 28
\BOOKMARK [1][-]{section.6}{6. Realism}{}% 29
\BOOKMARK [2][-]{subsection.6.1}{6.1. Thomas Eakins}{section.6}% 30
\BOOKMARK [2][-]{subsection.6.2}{6.2. Winslow Homer}{section.6}% 31
\BOOKMARK [2][-]{subsection.6.3}{6.3. John Sargent}{section.6}% 32
\BOOKMARK [2][-]{subsection.6.4}{6.4. James Whistler}{section.6}% 33
\BOOKMARK [2][-]{subsection.6.5}{6.5. Mary Cassatt}{section.6}% 34
\BOOKMARK [2][-]{subsection.6.6}{6.6. Childe Hassam}{section.6}% 35
\BOOKMARK [2][-]{subsection.6.7}{6.7. Kenyon Cox}{section.6}% 36
\BOOKMARK [2][-]{subsection.6.8}{6.8. Abbot Thayer}{section.6}% 37
\BOOKMARK [2][-]{subsection.6.9}{6.9. Thomas Dewing}{section.6}% 38
\BOOKMARK [2][-]{subsection.6.10}{6.10. Albert Ryder}{section.6}% 39
\BOOKMARK [1][-]{section.7}{7. 20th Century}{}% 40
\BOOKMARK [2][-]{subsection.7.1}{7.1. John Sloan}{section.7}% 41
\BOOKMARK [2][-]{subsection.7.2}{7.2. George Bellows}{section.7}% 42
\BOOKMARK [2][-]{subsection.7.3}{7.3. Edward Hopper}{section.7}% 43
\BOOKMARK [2][-]{subsection.7.4}{7.4. Grant Wood}{section.7}% 44
\BOOKMARK [2][-]{subsection.7.5}{7.5. Thomas Benton}{section.7}% 45
\BOOKMARK [2][-]{subsection.7.6}{7.6. Max Weber}{section.7}% 46
\BOOKMARK [2][-]{subsection.7.7}{7.7. Georgia O'Keefe}{section.7}% 47
\BOOKMARK [2][-]{subsection.7.8}{7.8. Joseph Stella}{section.7}% 48
\BOOKMARK [2][-]{subsection.7.9}{7.9. Charles Demuth}{section.7}% 49
\BOOKMARK [2][-]{subsection.7.10}{7.10. Morgan Russel}{section.7}% 50
\BOOKMARK [1][-]{section*.2}{References}{}% 51
